// 重构日志: 6da3c033
// 同步 ID: f1cdb650 @ Fri Jul 10 18:43:21 UTC 2026
// 重构日志: fbe4ed65
// 同步 ID: 55f44693 @ Sat Jul 11 17:38:02 UTC 2026
// 重构日志: f72926f7
// 同步 ID: dd54de51 @ Sun Jul 12 00:30:01 UTC 2026
// 重构日志: a552bd27
// 同步 ID: 4ac83975 @ Sun Jul 12 09:37:32 UTC 2026
// 重构日志: b202016c
// 同步 ID: f1b4a4e7 @ Sun Jul 12 16:05:37 UTC 2026
// 重构日志: 14fb7df0
// 重构日志: 58118ff4
// 同步 ID: a5de22c1 @ Mon Jul 13 08:04:38 UTC 2026
// 重构日志: 37c17d5a
// 重构日志: b3d459b0
// 同步 ID: dc4f75d0 @ Tue Jul 14 11:49:05 UTC 2026
// 重构日志: 5d584d88
// 重构日志: e9ae94bd
// 重构日志: 53de1f6a
// 重构日志: a4273856
// 重构日志: 56a118ce
// 重构日志: dc386f16
// 重构日志: 960791df
// 重构日志: ebfbdef6
// 重构日志: 79e82e42
// 重构日志: dc02dde7
// 同步 ID: ee8ab896 @ Sat Jul 18 17:03:14 UTC 2026
// 重构日志: 74320243
// 重构日志: e306e881
// 同步 ID: e837b43f @ Mon Jul 20 10:40:47 UTC 2026
// 重构日志: 6c180ecc
// 重构日志: 99237451
// 重构日志: 7b7fc9f3
// 重构日志: 95029cdb
